2024-12-11 15:44:12 [INFO] (log_config): Logging configurado com sucesso!
2024-12-11 15:44:12 [DEBUG] (factory): Not in REPL -> leaving logger event level as is.
2024-12-11 15:44:12 [INFO] (main): Iniciando o robo...
2024-12-11 15:44:12 [INFO] (driver_utils): Inicializando o driver do Chrome...
2024-12-11 15:44:12 [INFO] (logger): ====== WebDriver manager ======
2024-12-11 15:44:12 [INFO] (logger): Get LATEST chromedriver version for google-chrome
2024-12-11 15:44:12 [DEBUG] (connectionpool): Starting new HTTPS connection (1): googlechromelabs.github.io:443
2024-12-11 15:44:13 [DEBUG] (connectionpool): https://googlechromelabs.github.io:443 "GET /chrome-for-testing/latest-patch-versions-per-build.json HTTP/11" 200 8639
2024-12-11 15:44:13 [INFO] (logger): Get LATEST chromedriver version for google-chrome
2024-12-11 15:44:13 [DEBUG] (connectionpool): Starting new HTTPS connection (1): googlechromelabs.github.io:443
2024-12-11 15:44:13 [DEBUG] (connectionpool): https://googlechromelabs.github.io:443 "GET /chrome-for-testing/latest-patch-versions-per-build.json HTTP/11" 200 8639
2024-12-11 15:44:13 [INFO] (logger): Driver [/home/andre/.wdm/drivers/chromedriver/linux64/131.0.6778.108/chromedriver-linux64/chromedriver] found in cache
2024-12-11 15:44:13 [DEBUG] (driver_finder): Skipping Selenium Manager; path to chrome driver specified in Service class: /home/andre/.wdm/drivers/chromedriver/linux64/131.0.6778.108/chromedriver-linux64/chromedriver
2024-12-11 15:44:13 [DEBUG] (service): Started executable: `/home/andre/.wdm/drivers/chromedriver/linux64/131.0.6778.108/chromedriver-linux64/chromedriver` in a child process with pid: 94968 using 0 to output -3
2024-12-11 15:44:13 [DEBUG] (remote_connection): POST http://localhost:54761/session {'capabilities': {'firstMatch': [{}], 'alwaysMatch': {'browserName': 'chrome', 'pageLoadStrategy': <PageLoadStrategy.normal: 'normal'>, 'goog:chromeOptions': {'extensions': [], 'args': ['--start-maximized', '--disable-notifications', '--disable-infobars', '--disable-popup-blocking', '--log-level=3']}}}}
2024-12-11 15:44:13 [DEBUG] (connectionpool): Starting new HTTP connection (1): localhost:54761
2024-12-11 15:44:13 [DEBUG] (connectionpool): http://localhost:54761 "POST /session HTTP/11" 200 0
2024-12-11 15:44:13 [DEBUG] (remote_connection): Remote response: status=200 | data={"value":{"capabilities":{"acceptInsecureCerts":false,"browserName":"chrome","browserVersion":"131.0.6778.85","chrome":{"chromedriverVersion":"131.0.6778.108 (3b014839fbc4fb688b2f5af512d6ce312ad208b1-refs/branch-heads/6778@{#2393})","userDataDir":"/tmp/.org.chromium.Chromium.qFdExr"},"fedcm:accounts":true,"goog:chromeOptions":{"debuggerAddress":"localhost:39329"},"networkConnectionEnabled":false,"pageLoadStrategy":"normal","platformName":"linux","proxy":{},"setWindowRect":true,"strictFileInteractability":false,"timeouts":{"implicit":0,"pageLoad":300000,"script":30000},"unhandledPromptBehavior":"dismiss and notify","webauthn:extension:credBlob":true,"webauthn:extension:largeBlob":true,"webauthn:extension:minPinLength":true,"webauthn:extension:prf":true,"webauthn:virtualAuthenticators":true},"sessionId":"df92097cc1a3d68e970f8fc6513eb091"}} | headers=HTTPHeaderDict({'Content-Length': '849', 'Content-Type': 'application/json; charset=utf-8', 'cache-control': 'no-cache'})
2024-12-11 15:44:13 [DEBUG] (remote_connection): Finished Request
2024-12-11 15:44:13 [INFO] (driver_utils): Driver inicializado!
2024-12-11 15:44:13 [INFO] (data_utils): Gerando dados fictícios para cadastro...
2024-12-11 15:44:13 [DEBUG] (factory): Looking for locale `en_US` in provider `faker.providers.address`.
2024-12-11 15:44:13 [DEBUG] (factory): Provider `faker.providers.address` has been localized to `en_US`.
2024-12-11 15:44:13 [DEBUG] (factory): Looking for locale `en_US` in provider `faker.providers.automotive`.
2024-12-11 15:44:13 [DEBUG] (factory): Provider `faker.providers.automotive` has been localized to `en_US`.
2024-12-11 15:44:13 [DEBUG] (factory): Looking for locale `en_US` in provider `faker.providers.bank`.
2024-12-11 15:44:13 [DEBUG] (factory): Specified locale `en_US` is not available for provider `faker.providers.bank`. Locale reset to `en_GB` for this provider.
2024-12-11 15:44:13 [DEBUG] (factory): Looking for locale `en_US` in provider `faker.providers.barcode`.
2024-12-11 15:44:13 [DEBUG] (factory): Provider `faker.providers.barcode` has been localized to `en_US`.
2024-12-11 15:44:13 [DEBUG] (factory): Looking for locale `en_US` in provider `faker.providers.color`.
2024-12-11 15:44:13 [DEBUG] (factory): Provider `faker.providers.color` has been localized to `en_US`.
2024-12-11 15:44:13 [DEBUG] (factory): Looking for locale `en_US` in provider `faker.providers.company`.
2024-12-11 15:44:13 [DEBUG] (factory): Provider `faker.providers.company` has been localized to `en_US`.
2024-12-11 15:44:13 [DEBUG] (factory): Looking for locale `en_US` in provider `faker.providers.credit_card`.
2024-12-11 15:44:13 [DEBUG] (factory): Provider `faker.providers.credit_card` has been localized to `en_US`.
2024-12-11 15:44:13 [DEBUG] (factory): Looking for locale `en_US` in provider `faker.providers.currency`.
2024-12-11 15:44:13 [DEBUG] (factory): Provider `faker.providers.currency` has been localized to `en_US`.
2024-12-11 15:44:13 [DEBUG] (factory): Looking for locale `en_US` in provider `faker.providers.date_time`.
2024-12-11 15:44:13 [DEBUG] (factory): Provider `faker.providers.date_time` has been localized to `en_US`.
2024-12-11 15:44:13 [DEBUG] (factory): Provider `faker.providers.emoji` does not feature localization. Specified locale `en_US` is not utilized for this provider.
2024-12-11 15:44:13 [DEBUG] (factory): Provider `faker.providers.file` does not feature localization. Specified locale `en_US` is not utilized for this provider.
2024-12-11 15:44:13 [DEBUG] (factory): Looking for locale `en_US` in provider `faker.providers.geo`.
2024-12-11 15:44:13 [DEBUG] (factory): Provider `faker.providers.geo` has been localized to `en_US`.
2024-12-11 15:44:13 [DEBUG] (factory): Looking for locale `en_US` in provider `faker.providers.internet`.
2024-12-11 15:44:13 [DEBUG] (factory): Provider `faker.providers.internet` has been localized to `en_US`.
2024-12-11 15:44:13 [DEBUG] (factory): Looking for locale `en_US` in provider `faker.providers.isbn`.
2024-12-11 15:44:13 [DEBUG] (factory): Provider `faker.providers.isbn` has been localized to `en_US`.
2024-12-11 15:44:13 [DEBUG] (factory): Looking for locale `en_US` in provider `faker.providers.job`.
2024-12-11 15:44:13 [DEBUG] (factory): Provider `faker.providers.job` has been localized to `en_US`.
2024-12-11 15:44:13 [DEBUG] (factory): Looking for locale `en_US` in provider `faker.providers.lorem`.
2024-12-11 15:44:13 [DEBUG] (factory): Provider `faker.providers.lorem` has been localized to `en_US`.
2024-12-11 15:44:13 [DEBUG] (factory): Looking for locale `en_US` in provider `faker.providers.misc`.
2024-12-11 15:44:13 [DEBUG] (factory): Provider `faker.providers.misc` has been localized to `en_US`.
2024-12-11 15:44:13 [DEBUG] (factory): Looking for locale `en_US` in provider `faker.providers.passport`.
2024-12-11 15:44:13 [DEBUG] (factory): Provider `faker.providers.passport` has been localized to `en_US`.
2024-12-11 15:44:13 [DEBUG] (factory): Looking for locale `en_US` in provider `faker.providers.person`.
2024-12-11 15:44:13 [DEBUG] (factory): Provider `faker.providers.person` has been localized to `en_US`.
2024-12-11 15:44:13 [DEBUG] (factory): Looking for locale `en_US` in provider `faker.providers.phone_number`.
2024-12-11 15:44:13 [DEBUG] (factory): Provider `faker.providers.phone_number` has been localized to `en_US`.
2024-12-11 15:44:13 [DEBUG] (factory): Provider `faker.providers.profile` does not feature localization. Specified locale `en_US` is not utilized for this provider.
2024-12-11 15:44:13 [DEBUG] (factory): Provider `faker.providers.python` does not feature localization. Specified locale `en_US` is not utilized for this provider.
2024-12-11 15:44:13 [DEBUG] (factory): Provider `faker.providers.sbn` does not feature localization. Specified locale `en_US` is not utilized for this provider.
2024-12-11 15:44:13 [DEBUG] (factory): Looking for locale `en_US` in provider `faker.providers.ssn`.
2024-12-11 15:44:13 [DEBUG] (factory): Provider `faker.providers.ssn` has been localized to `en_US`.
2024-12-11 15:44:13 [DEBUG] (factory): Provider `faker.providers.user_agent` does not feature localization. Specified locale `en_US` is not utilized for this provider.
2024-12-11 15:44:13 [INFO] (data_utils): Dados gerados: Email=brldl28pmk@yahoo.com, Username=4q88fn1zfuuo, FullName=Joseph Chen, Password=****
2024-12-11 15:44:13 [DEBUG] (remote_connection): POST http://localhost:54761/session/df92097cc1a3d68e970f8fc6513eb091/url {'url': 'https://www.instagram.com/accounts/emailsignup/'}
2024-12-11 15:44:15 [DEBUG] (connectionpool): http://localhost:54761 "POST /session/df92097cc1a3d68e970f8fc6513eb091/url HTTP/11" 200 0
2024-12-11 15:44:15 [DEBUG] (remote_connection): Remote response: status=200 | data={"value":null} | headers=HTTPHeaderDict({'Content-Length': '14', 'Content-Type': 'application/json; charset=utf-8', 'cache-control': 'no-cache'})
2024-12-11 15:44:15 [DEBUG] (remote_connection): Finished Request
2024-12-11 15:44:15 [DEBUG] (remote_connection): GET http://localhost:54761/session/df92097cc1a3d68e970f8fc6513eb091/url {}
2024-12-11 15:44:15 [DEBUG] (connectionpool): http://localhost:54761 "GET /session/df92097cc1a3d68e970f8fc6513eb091/url HTTP/11" 200 0
2024-12-11 15:44:15 [DEBUG] (remote_connection): Remote response: status=200 | data={"value":"https://www.instagram.com/accounts/emailsignup/"} | headers=HTTPHeaderDict({'Content-Length': '59', 'Content-Type': 'application/json; charset=utf-8', 'cache-control': 'no-cache'})
2024-12-11 15:44:15 [DEBUG] (remote_connection): Finished Request
2024-12-11 15:44:17 [INFO] (form_utils): Tentativa 1 de preenchimento...
2024-12-11 15:44:17 [DEBUG] (remote_connection): POST http://localhost:54761/session/df92097cc1a3d68e970f8fc6513eb091/element {'using': 'css selector', 'value': '[name="emailOrPhone"]'}
2024-12-11 15:44:17 [DEBUG] (connectionpool): http://localhost:54761 "POST /session/df92097cc1a3d68e970f8fc6513eb091/element HTTP/11" 200 0
2024-12-11 15:44:17 [DEBUG] (remote_connection): Remote response: status=200 | data={"value":{"element-6066-11e4-a52e-4f735466cecf":"f.BE0F7331FEE860E50B122CE36EA18CA5.d.AC0200C596DD4BC0FA9364DCD07F1A52.e.7"}} | headers=HTTPHeaderDict({'Content-Length': '125', 'Content-Type': 'application/json; charset=utf-8', 'cache-control': 'no-cache'})
2024-12-11 15:44:17 [DEBUG] (remote_connection): Finished Request
2024-12-11 15:44:17 [DEBUG] (remote_connection): POST http://localhost:54761/session/df92097cc1a3d68e970f8fc6513eb091/execute/sync {'script': '/* isDisplayed */return (function(){return (function(){var g=this||self;\nfunction aa(a){var b=typeof...', 'args': [{'element-6066-11e4-a52e-4f735466cecf': 'f.BE0F7331FEE860E50B122CE36EA18CA5.d.AC0200C596DD4BC0FA9364DCD07F1A52.e.7'}]}
2024-12-11 15:44:17 [DEBUG] (connectionpool): http://localhost:54761 "POST /session/df92097cc1a3d68e970f8fc6513eb091/execute/sync HTTP/11" 200 0
2024-12-11 15:44:17 [DEBUG] (remote_connection): Remote response: status=200 | data={"value":true} | headers=HTTPHeaderDict({'Content-Length': '14', 'Content-Type': 'application/json; charset=utf-8', 'cache-control': 'no-cache'})
2024-12-11 15:44:17 [DEBUG] (remote_connection): Finished Request
2024-12-11 15:44:17 [DEBUG] (remote_connection): POST http://localhost:54761/session/df92097cc1a3d68e970f8fc6513eb091/element/f.BE0F7331FEE860E50B122CE36EA18CA5.d.AC0200C596DD4BC0FA9364DCD07F1A52.e.7/clear {}
2024-12-11 15:44:17 [DEBUG] (connectionpool): http://localhost:54761 "POST /session/df92097cc1a3d68e970f8fc6513eb091/element/f.BE0F7331FEE860E50B122CE36EA18CA5.d.AC0200C596DD4BC0FA9364DCD07F1A52.e.7/clear HTTP/11" 200 0
2024-12-11 15:44:17 [DEBUG] (remote_connection): Remote response: status=200 | data={"value":null} | headers=HTTPHeaderDict({'Content-Length': '14', 'Content-Type': 'application/json; charset=utf-8', 'cache-control': 'no-cache'})
2024-12-11 15:44:17 [DEBUG] (remote_connection): Finished Request
2024-12-11 15:44:17 [DEBUG] (remote_connection): POST http://localhost:54761/session/df92097cc1a3d68e970f8fc6513eb091/element/f.BE0F7331FEE860E50B122CE36EA18CA5.d.AC0200C596DD4BC0FA9364DCD07F1A52.e.7/value {'text': 'brldl28pmk@yahoo.com', 'value': ['b', 'r', 'l', 'd', 'l', '2', '8', 'p', 'm', 'k', '@', 'y', 'a', 'h', 'o', 'o', '.', 'c', 'o', 'm']}
2024-12-11 15:44:17 [DEBUG] (connectionpool): http://localhost:54761 "POST /session/df92097cc1a3d68e970f8fc6513eb091/element/f.BE0F7331FEE860E50B122CE36EA18CA5.d.AC0200C596DD4BC0FA9364DCD07F1A52.e.7/value HTTP/11" 200 0
2024-12-11 15:44:17 [DEBUG] (remote_connection): Remote response: status=200 | data={"value":null} | headers=HTTPHeaderDict({'Content-Length': '14', 'Content-Type': 'application/json; charset=utf-8', 'cache-control': 'no-cache'})
2024-12-11 15:44:17 [DEBUG] (remote_connection): Finished Request
2024-12-11 15:44:17 [DEBUG] (remote_connection): POST http://localhost:54761/session/df92097cc1a3d68e970f8fc6513eb091/execute/sync {'script': '/* getAttribute */return (function(){return (function(){var d=this||self;function f(a,b){function c(...', 'args': [{'element-6066-11e4-a52e-4f735466cecf': 'f.BE0F7331FEE860E50B122CE36EA18CA5.d.AC0200C596DD4BC0FA9364DCD07F1A52.e.7'}, 'value']}
2024-12-11 15:44:17 [DEBUG] (connectionpool): http://localhost:54761 "POST /session/df92097cc1a3d68e970f8fc6513eb091/execute/sync HTTP/11" 200 0
2024-12-11 15:44:17 [DEBUG] (remote_connection): Remote response: status=200 | data={"value":"brldl28pmk@yahoo.com"} | headers=HTTPHeaderDict({'Content-Length': '32', 'Content-Type': 'application/json; charset=utf-8', 'cache-control': 'no-cache'})
2024-12-11 15:44:17 [DEBUG] (remote_connection): Finished Request
2024-12-11 15:44:17 [INFO] (form_utils): Campo 'E-mail' preenchido com: brldl28pmk@yahoo.com
2024-12-11 15:44:20 [DEBUG] (remote_connection): POST http://localhost:54761/session/df92097cc1a3d68e970f8fc6513eb091/element {'using': 'css selector', 'value': '[name="fullName"]'}
2024-12-11 15:44:20 [DEBUG] (connectionpool): http://localhost:54761 "POST /session/df92097cc1a3d68e970f8fc6513eb091/element HTTP/11" 200 0
2024-12-11 15:44:20 [DEBUG] (remote_connection): Remote response: status=200 | data={"value":{"element-6066-11e4-a52e-4f735466cecf":"f.BE0F7331FEE860E50B122CE36EA18CA5.d.AC0200C596DD4BC0FA9364DCD07F1A52.e.10"}} | headers=HTTPHeaderDict({'Content-Length': '126', 'Content-Type': 'application/json; charset=utf-8', 'cache-control': 'no-cache'})
2024-12-11 15:44:20 [DEBUG] (remote_connection): Finished Request
2024-12-11 15:44:20 [DEBUG] (remote_connection): POST http://localhost:54761/session/df92097cc1a3d68e970f8fc6513eb091/element/f.BE0F7331FEE860E50B122CE36EA18CA5.d.AC0200C596DD4BC0FA9364DCD07F1A52.e.10/clear {}
2024-12-11 15:44:20 [DEBUG] (connectionpool): http://localhost:54761 "POST /session/df92097cc1a3d68e970f8fc6513eb091/element/f.BE0F7331FEE860E50B122CE36EA18CA5.d.AC0200C596DD4BC0FA9364DCD07F1A52.e.10/clear HTTP/11" 200 0
2024-12-11 15:44:20 [DEBUG] (remote_connection): Remote response: status=200 | data={"value":null} | headers=HTTPHeaderDict({'Content-Length': '14', 'Content-Type': 'application/json; charset=utf-8', 'cache-control': 'no-cache'})
2024-12-11 15:44:20 [DEBUG] (remote_connection): Finished Request
2024-12-11 15:44:20 [DEBUG] (remote_connection): POST http://localhost:54761/session/df92097cc1a3d68e970f8fc6513eb091/element/f.BE0F7331FEE860E50B122CE36EA18CA5.d.AC0200C596DD4BC0FA9364DCD07F1A52.e.10/value {'text': 'Joseph Chen', 'value': ['J', 'o', 's', 'e', 'p', 'h', ' ', 'C', 'h', 'e', 'n']}
2024-12-11 15:44:20 [DEBUG] (connectionpool): http://localhost:54761 "POST /session/df92097cc1a3d68e970f8fc6513eb091/element/f.BE0F7331FEE860E50B122CE36EA18CA5.d.AC0200C596DD4BC0FA9364DCD07F1A52.e.10/value HTTP/11" 200 0
2024-12-11 15:44:20 [DEBUG] (remote_connection): Remote response: status=200 | data={"value":null} | headers=HTTPHeaderDict({'Content-Length': '14', 'Content-Type': 'application/json; charset=utf-8', 'cache-control': 'no-cache'})
2024-12-11 15:44:20 [DEBUG] (remote_connection): Finished Request
2024-12-11 15:44:20 [DEBUG] (remote_connection): POST http://localhost:54761/session/df92097cc1a3d68e970f8fc6513eb091/execute/sync {'script': '/* getAttribute */return (function(){return (function(){var d=this||self;function f(a,b){function c(...', 'args': [{'element-6066-11e4-a52e-4f735466cecf': 'f.BE0F7331FEE860E50B122CE36EA18CA5.d.AC0200C596DD4BC0FA9364DCD07F1A52.e.10'}, 'value']}
2024-12-11 15:44:20 [DEBUG] (connectionpool): http://localhost:54761 "POST /session/df92097cc1a3d68e970f8fc6513eb091/execute/sync HTTP/11" 200 0
2024-12-11 15:44:20 [DEBUG] (remote_connection): Remote response: status=200 | data={"value":"Joseph Chen"} | headers=HTTPHeaderDict({'Content-Length': '23', 'Content-Type': 'application/json; charset=utf-8', 'cache-control': 'no-cache'})
2024-12-11 15:44:20 [DEBUG] (remote_connection): Finished Request
2024-12-11 15:44:20 [INFO] (form_utils): Campo 'Nome completo' preenchido com: Joseph Chen
2024-12-11 15:44:22 [DEBUG] (remote_connection): POST http://localhost:54761/session/df92097cc1a3d68e970f8fc6513eb091/element {'using': 'css selector', 'value': '[name="username"]'}
2024-12-11 15:44:22 [DEBUG] (connectionpool): http://localhost:54761 "POST /session/df92097cc1a3d68e970f8fc6513eb091/element HTTP/11" 200 0
2024-12-11 15:44:22 [DEBUG] (remote_connection): Remote response: status=200 | data={"value":{"element-6066-11e4-a52e-4f735466cecf":"f.BE0F7331FEE860E50B122CE36EA18CA5.d.AC0200C596DD4BC0FA9364DCD07F1A52.e.11"}} | headers=HTTPHeaderDict({'Content-Length': '126', 'Content-Type': 'application/json; charset=utf-8', 'cache-control': 'no-cache'})
2024-12-11 15:44:22 [DEBUG] (remote_connection): Finished Request
2024-12-11 15:44:22 [DEBUG] (remote_connection): POST http://localhost:54761/session/df92097cc1a3d68e970f8fc6513eb091/element/f.BE0F7331FEE860E50B122CE36EA18CA5.d.AC0200C596DD4BC0FA9364DCD07F1A52.e.11/clear {}
2024-12-11 15:44:22 [DEBUG] (connectionpool): http://localhost:54761 "POST /session/df92097cc1a3d68e970f8fc6513eb091/element/f.BE0F7331FEE860E50B122CE36EA18CA5.d.AC0200C596DD4BC0FA9364DCD07F1A52.e.11/clear HTTP/11" 200 0
2024-12-11 15:44:22 [DEBUG] (remote_connection): Remote response: status=200 | data={"value":null} | headers=HTTPHeaderDict({'Content-Length': '14', 'Content-Type': 'application/json; charset=utf-8', 'cache-control': 'no-cache'})
2024-12-11 15:44:22 [DEBUG] (remote_connection): Finished Request
2024-12-11 15:44:22 [DEBUG] (remote_connection): POST http://localhost:54761/session/df92097cc1a3d68e970f8fc6513eb091/element/f.BE0F7331FEE860E50B122CE36EA18CA5.d.AC0200C596DD4BC0FA9364DCD07F1A52.e.11/value {'text': '4q88fn1zfuuo', 'value': ['4', 'q', '8', '8', 'f', 'n', '1', 'z', 'f', 'u', 'u', 'o']}
2024-12-11 15:44:22 [DEBUG] (connectionpool): http://localhost:54761 "POST /session/df92097cc1a3d68e970f8fc6513eb091/element/f.BE0F7331FEE860E50B122CE36EA18CA5.d.AC0200C596DD4BC0FA9364DCD07F1A52.e.11/value HTTP/11" 200 0
2024-12-11 15:44:22 [DEBUG] (remote_connection): Remote response: status=200 | data={"value":null} | headers=HTTPHeaderDict({'Content-Length': '14', 'Content-Type': 'application/json; charset=utf-8', 'cache-control': 'no-cache'})
2024-12-11 15:44:22 [DEBUG] (remote_connection): Finished Request
2024-12-11 15:44:22 [DEBUG] (remote_connection): POST http://localhost:54761/session/df92097cc1a3d68e970f8fc6513eb091/execute/sync {'script': '/* getAttribute */return (function(){return (function(){var d=this||self;function f(a,b){function c(...', 'args': [{'element-6066-11e4-a52e-4f735466cecf': 'f.BE0F7331FEE860E50B122CE36EA18CA5.d.AC0200C596DD4BC0FA9364DCD07F1A52.e.11'}, 'value']}
2024-12-11 15:44:23 [DEBUG] (connectionpool): http://localhost:54761 "POST /session/df92097cc1a3d68e970f8fc6513eb091/execute/sync HTTP/11" 200 0
2024-12-11 15:44:23 [DEBUG] (remote_connection): Remote response: status=200 | data={"value":"4q88fn1zfuuo"} | headers=HTTPHeaderDict({'Content-Length': '24', 'Content-Type': 'application/json; charset=utf-8', 'cache-control': 'no-cache'})
2024-12-11 15:44:23 [DEBUG] (remote_connection): Finished Request
2024-12-11 15:44:23 [INFO] (form_utils): Campo 'Nome de usuario': 4q88fn1zfuuo
2024-12-11 15:44:25 [DEBUG] (remote_connection): POST http://localhost:54761/session/df92097cc1a3d68e970f8fc6513eb091/element {'using': 'css selector', 'value': '[name="password"]'}
2024-12-11 15:44:25 [DEBUG] (connectionpool): http://localhost:54761 "POST /session/df92097cc1a3d68e970f8fc6513eb091/element HTTP/11" 200 0
2024-12-11 15:44:25 [DEBUG] (remote_connection): Remote response: status=200 | data={"value":{"element-6066-11e4-a52e-4f735466cecf":"f.BE0F7331FEE860E50B122CE36EA18CA5.d.AC0200C596DD4BC0FA9364DCD07F1A52.e.9"}} | headers=HTTPHeaderDict({'Content-Length': '125', 'Content-Type': 'application/json; charset=utf-8', 'cache-control': 'no-cache'})
2024-12-11 15:44:25 [DEBUG] (remote_connection): Finished Request
2024-12-11 15:44:25 [DEBUG] (remote_connection): POST http://localhost:54761/session/df92097cc1a3d68e970f8fc6513eb091/element/f.BE0F7331FEE860E50B122CE36EA18CA5.d.AC0200C596DD4BC0FA9364DCD07F1A52.e.9/clear {}
2024-12-11 15:44:25 [DEBUG] (connectionpool): http://localhost:54761 "POST /session/df92097cc1a3d68e970f8fc6513eb091/element/f.BE0F7331FEE860E50B122CE36EA18CA5.d.AC0200C596DD4BC0FA9364DCD07F1A52.e.9/clear HTTP/11" 200 0
2024-12-11 15:44:25 [DEBUG] (remote_connection): Remote response: status=200 | data={"value":null} | headers=HTTPHeaderDict({'Content-Length': '14', 'Content-Type': 'application/json; charset=utf-8', 'cache-control': 'no-cache'})
2024-12-11 15:44:25 [DEBUG] (remote_connection): Finished Request
2024-12-11 15:44:25 [DEBUG] (remote_connection): POST http://localhost:54761/session/df92097cc1a3d68e970f8fc6513eb091/element/f.BE0F7331FEE860E50B122CE36EA18CA5.d.AC0200C596DD4BC0FA9364DCD07F1A52.e.9/value {'text': '2EhUnAvr93l7', 'value': ['2', 'E', 'h', 'U', 'n', 'A', 'v', 'r', '9', '3', 'l', '7']}
2024-12-11 15:44:25 [DEBUG] (connectionpool): http://localhost:54761 "POST /session/df92097cc1a3d68e970f8fc6513eb091/element/f.BE0F7331FEE860E50B122CE36EA18CA5.d.AC0200C596DD4BC0FA9364DCD07F1A52.e.9/value HTTP/11" 200 0
2024-12-11 15:44:25 [DEBUG] (remote_connection): Remote response: status=200 | data={"value":null} | headers=HTTPHeaderDict({'Content-Length': '14', 'Content-Type': 'application/json; charset=utf-8', 'cache-control': 'no-cache'})
2024-12-11 15:44:25 [DEBUG] (remote_connection): Finished Request
2024-12-11 15:44:25 [DEBUG] (remote_connection): POST http://localhost:54761/session/df92097cc1a3d68e970f8fc6513eb091/execute/sync {'script': '/* getAttribute */return (function(){return (function(){var d=this||self;function f(a,b){function c(...', 'args': [{'element-6066-11e4-a52e-4f735466cecf': 'f.BE0F7331FEE860E50B122CE36EA18CA5.d.AC0200C596DD4BC0FA9364DCD07F1A52.e.9'}, 'value']}
2024-12-11 15:44:25 [DEBUG] (connectionpool): http://localhost:54761 "POST /session/df92097cc1a3d68e970f8fc6513eb091/execute/sync HTTP/11" 200 0
2024-12-11 15:44:25 [DEBUG] (remote_connection): Remote response: status=200 | data={"value":"2EhUnAvr93l7"} | headers=HTTPHeaderDict({'Content-Length': '24', 'Content-Type': 'application/json; charset=utf-8', 'cache-control': 'no-cache'})
2024-12-11 15:44:25 [DEBUG] (remote_connection): Finished Request
2024-12-11 15:44:25 [INFO] (form_utils): Campo 'Senha' preenchida com: 2EhUnAvr93l7
2024-12-11 15:44:28 [INFO] (form_utils): Campos preenchidos com sucesso!
2024-12-11 15:44:33 [DEBUG] (remote_connection): POST http://localhost:54761/session/df92097cc1a3d68e970f8fc6513eb091/element {'using': 'xpath', 'value': "//button[contains(text(), 'Cadastre-se')]"}
2024-12-11 15:44:33 [DEBUG] (connectionpool): http://localhost:54761 "POST /session/df92097cc1a3d68e970f8fc6513eb091/element HTTP/11" 200 0
2024-12-11 15:44:33 [DEBUG] (remote_connection): Remote response: status=200 | data={"value":{"element-6066-11e4-a52e-4f735466cecf":"f.BE0F7331FEE860E50B122CE36EA18CA5.d.AC0200C596DD4BC0FA9364DCD07F1A52.e.14"}} | headers=HTTPHeaderDict({'Content-Length': '126', 'Content-Type': 'application/json; charset=utf-8', 'cache-control': 'no-cache'})
2024-12-11 15:44:33 [DEBUG] (remote_connection): Finished Request
2024-12-11 15:44:33 [DEBUG] (remote_connection): POST http://localhost:54761/session/df92097cc1a3d68e970f8fc6513eb091/execute/sync {'script': '/* isDisplayed */return (function(){return (function(){var g=this||self;\nfunction aa(a){var b=typeof...', 'args': [{'element-6066-11e4-a52e-4f735466cecf': 'f.BE0F7331FEE860E50B122CE36EA18CA5.d.AC0200C596DD4BC0FA9364DCD07F1A52.e.14'}]}
2024-12-11 15:44:33 [DEBUG] (connectionpool): http://localhost:54761 "POST /session/df92097cc1a3d68e970f8fc6513eb091/execute/sync HTTP/11" 200 0
2024-12-11 15:44:33 [DEBUG] (remote_connection): Remote response: status=200 | data={"value":true} | headers=HTTPHeaderDict({'Content-Length': '14', 'Content-Type': 'application/json; charset=utf-8', 'cache-control': 'no-cache'})
2024-12-11 15:44:33 [DEBUG] (remote_connection): Finished Request
2024-12-11 15:44:33 [DEBUG] (remote_connection): GET http://localhost:54761/session/df92097cc1a3d68e970f8fc6513eb091/element/f.BE0F7331FEE860E50B122CE36EA18CA5.d.AC0200C596DD4BC0FA9364DCD07F1A52.e.14/enabled {}
2024-12-11 15:44:33 [DEBUG] (connectionpool): http://localhost:54761 "GET /session/df92097cc1a3d68e970f8fc6513eb091/element/f.BE0F7331FEE860E50B122CE36EA18CA5.d.AC0200C596DD4BC0FA9364DCD07F1A52.e.14/enabled HTTP/11" 200 0
2024-12-11 15:44:33 [DEBUG] (remote_connection): Remote response: status=200 | data={"value":true} | headers=HTTPHeaderDict({'Content-Length': '14', 'Content-Type': 'application/json; charset=utf-8', 'cache-control': 'no-cache'})
2024-12-11 15:44:33 [DEBUG] (remote_connection): Finished Request
2024-12-11 15:44:33 [DEBUG] (remote_connection): POST http://localhost:54761/session/df92097cc1a3d68e970f8fc6513eb091/element/f.BE0F7331FEE860E50B122CE36EA18CA5.d.AC0200C596DD4BC0FA9364DCD07F1A52.e.14/click {}
2024-12-11 15:44:33 [DEBUG] (connectionpool): http://localhost:54761 "POST /session/df92097cc1a3d68e970f8fc6513eb091/element/f.BE0F7331FEE860E50B122CE36EA18CA5.d.AC0200C596DD4BC0FA9364DCD07F1A52.e.14/click HTTP/11" 200 0
2024-12-11 15:44:33 [DEBUG] (remote_connection): Remote response: status=200 | data={"value":null} | headers=HTTPHeaderDict({'Content-Length': '14', 'Content-Type': 'application/json; charset=utf-8', 'cache-control': 'no-cache'})
2024-12-11 15:44:33 [DEBUG] (remote_connection): Finished Request
2024-12-11 15:44:33 [INFO] (form_utils): Cadastro enviado com sucesso!
2024-12-11 15:44:33 [INFO] (main): Dados gerados:
Email: brldl28pmk@yahoo.com
Username: 4q88fn1zfuuo
Full Name: Joseph Chen
Password: 2EhUnAvr93l7
2024-12-11 15:44:33 [INFO] (main): Processo de cadastro finalizado!
2024-12-11 15:44:33 [DEBUG] (remote_connection): DELETE http://localhost:54761/session/df92097cc1a3d68e970f8fc6513eb091 {}
2024-12-11 15:44:33 [DEBUG] (connectionpool): http://localhost:54761 "DELETE /session/df92097cc1a3d68e970f8fc6513eb091 HTTP/11" 200 0
2024-12-11 15:44:33 [DEBUG] (remote_connection): Remote response: status=200 | data={"value":null} | headers=HTTPHeaderDict({'Content-Length': '14', 'Content-Type': 'application/json; charset=utf-8', 'cache-control': 'no-cache'})
2024-12-11 15:44:33 [DEBUG] (remote_connection): Finished Request
2024-12-11 15:44:33 [INFO] (main): Driver encerrado!
2024-12-11 15:44:33 [INFO] (main): Tempo total de execução do script: 20.39 segundos
